@!@!@STARTMSG 2262:0 @!@!@
TLC2 Version 2.14 of 10 July 2019
@!@!@ENDMSG 2262 @!@!@
@!@!@STARTMSG 2187:0 @!@!@
Running breadth-first search Model-Checking with fp 109 and seed -5901252785007018398 with 1 worker on 8 cores with 601MB heap and 1350MB offheap memory [pid: 8120] (Windows 8.1 6.3 amd64, AdoptOpenJDK 11.0.3 x86_64, OffHeapDiskFPSet, DiskStateQueue).
@!@!@ENDMSG 2187 @!@!@
@!@!@STARTMSG 2220:0 @!@!@
Starting SANY...
@!@!@ENDMSG 2220 @!@!@
Parsing file C:\Users\Utkarsh\Programming\Graduate Projects\CSE586 Distributed Systems\Project1\FINAL PROJ\benor.toolbox\Model_1\MC.tla
Parsing file C:\Users\Utkarsh\Programming\Graduate Projects\CSE586 Distributed Systems\Project1\FINAL PROJ\benor.toolbox\Model_1\benor.tla
Parsing file C:\Users\Utkarsh\Softwares\TLAToolbox\toolbox\plugins\org.lamport.tlatools_1.0.0.201907102009\tla2sany\StandardModules\TLC.tla
Parsing file C:\Users\Utkarsh\Softwares\TLAToolbox\toolbox\plugins\org.lamport.tlatools_1.0.0.201907102009\tla2sany\StandardModules\Integers.tla
Parsing file C:\Users\Utkarsh\Softwares\TLAToolbox\toolbox\plugins\org.lamport.tlatools_1.0.0.201907102009\tla2sany\StandardModules\Sequences.tla
Parsing file C:\Users\Utkarsh\Softwares\TLAToolbox\toolbox\plugins\org.lamport.tlatools_1.0.0.201907102009\tla2sany\StandardModules\FiniteSets.tla
Parsing file C:\Users\Utkarsh\Softwares\TLAToolbox\toolbox\plugins\org.lamport.tlatools_1.0.0.201907102009\tla2sany\StandardModules\Naturals.tla
Semantic processing of module Naturals
Semantic processing of module Integers
Semantic processing of module Sequences
Semantic processing of module FiniteSets
Semantic processing of module benor
Semantic processing of module TLC
Semantic processing of module MC
@!@!@STARTMSG 2219:0 @!@!@
SANY finished.
@!@!@ENDMSG 2219 @!@!@
@!@!@STARTMSG 2185:0 @!@!@
Starting... (2019-11-22 21:50:47)
@!@!@ENDMSG 2185 @!@!@
@!@!@STARTMSG 2189:0 @!@!@
Computing initial states...
@!@!@ENDMSG 2189 @!@!@
@!@!@STARTMSG 2190:0 @!@!@
Finished computing initial states: 1 distinct state generated at 2019-11-22 21:50:50.
@!@!@ENDMSG 2190 @!@!@
@!@!@STARTMSG 2200:0 @!@!@
Progress(15) at 2019-11-22 21:50:53: 41,470 states generated (41,470 s/min), 17,702 distinct states found (17,702 ds/min), 6,447 states left on queue.
@!@!@ENDMSG 2200 @!@!@
