@!@!@STARTMSG 2262:0 @!@!@
TLC2 Version 2.14 of 10 July 2019
@!@!@ENDMSG 2262 @!@!@
@!@!@STARTMSG 2187:0 @!@!@
Running breadth-first search Model-Checking with fp 116 and seed 1433581347156985369 with 1 worker on 8 cores with 601MB heap and 1350MB offheap memory [pid: 8276] (Windows 8.1 6.3 amd64, AdoptOpenJDK 11.0.3 x86_64, OffHeapDiskFPSet, DiskStateQueue).
@!@!@ENDMSG 2187 @!@!@
@!@!@STARTMSG 2220:0 @!@!@
Starting SANY...
@!@!@ENDMSG 2220 @!@!@
Parsing file C:\Users\Utkarsh\Programming\Graduate Projects\CSE586 Distributed Systems\Project1\FINAL PROJ\benor.toolbox\Model_1\MC.tla
Parsing file C:\Users\Utkarsh\Programming\Graduate Projects\CSE586 Distributed Systems\Project1\FINAL PROJ\benor.toolbox\Model_1\benor.tla
Parsing file C:\Users\Utkarsh\Softwares\TLAToolbox\toolbox\plugins\org.lamport.tlatools_1.0.0.201907102009\tla2sany\StandardModules\TLC.tla
Parsing file C:\Users\Utkarsh\Softwares\TLAToolbox\toolbox\plugins\org.lamport.tlatools_1.0.0.201907102009\tla2sany\StandardModules\Integers.tla
Parsing file C:\Users\Utkarsh\Softwares\TLAToolbox\toolbox\plugins\org.lamport.tlatools_1.0.0.201907102009\tla2sany\StandardModules\Sequences.tla
Parsing file C:\Users\Utkarsh\Softwares\TLAToolbox\toolbox\plugins\org.lamport.tlatools_1.0.0.201907102009\tla2sany\StandardModules\FiniteSets.tla
Parsing file C:\Users\Utkarsh\Softwares\TLAToolbox\toolbox\plugins\org.lamport.tlatools_1.0.0.201907102009\tla2sany\StandardModules\Naturals.tla
Semantic processing of module Naturals
Semantic processing of module Integers
Semantic processing of module Sequences
Semantic processing of module FiniteSets
Semantic processing of module benor
Semantic processing of module TLC
Semantic processing of module MC
@!@!@STARTMSG 2219:0 @!@!@
SANY finished.
@!@!@ENDMSG 2219 @!@!@
@!@!@STARTMSG 2185:0 @!@!@
Starting... (2019-11-22 21:32:22)
@!@!@ENDMSG 2185 @!@!@
@!@!@STARTMSG 2189:0 @!@!@
Computing initial states...
@!@!@ENDMSG 2189 @!@!@
@!@!@STARTMSG 2190:0 @!@!@
Finished computing initial states: 1 distinct state generated at 2019-11-22 21:32:25.
@!@!@ENDMSG 2190 @!@!@
@!@!@STARTMSG 2114:1 @!@!@
Deadlock reached.
@!@!@ENDMSG 2114 @!@!@
@!@!@STARTMSG 2121:1 @!@!@
The behavior up to this point is:
@!@!@ENDMSG 2121 @!@!@
@!@!@STARTMSG 2217:4 @!@!@
1: <Initial predicate>
/\ decided = <<-1, -1, -1>>
/\ p1v = <<0, 1, 1>>
/\ p2v = <<-1, -1, -1>>
/\ p2Msg = {}
/\ p1Msg = {}
/\ r = <<1, 1, 1>>
/\ pc = <<"S", "S", "S">>

@!@!@ENDMSG 2217 @!@!@
@!@!@STARTMSG 2217:4 @!@!@
2: <S line 84, col 12 to line 90, col 57 of module benor>
/\ decided = <<-1, -1, -1>>
/\ p1v = <<0, 1, 1>>
/\ p2v = <<-1, -1, -1>>
/\ p2Msg = {}
/\ p1Msg = {[r |-> 1, nodeid |-> 1, value |-> 0]}
/\ r = <<1, 1, 1>>
/\ pc = <<"P1", "S", "S">>

@!@!@ENDMSG 2217 @!@!@
@!@!@STARTMSG 2217:4 @!@!@
3: <S line 84, col 12 to line 90, col 57 of module benor>
/\ decided = <<-1, -1, -1>>
/\ p1v = <<0, 1, 1>>
/\ p2v = <<-1, -1, -1>>
/\ p2Msg = {}
/\ p1Msg = {[r |-> 1, nodeid |-> 1, value |-> 0], [r |-> 1, nodeid |-> 2, value |-> 1]}
/\ r = <<1, 1, 1>>
/\ pc = <<"P1", "P1", "S">>

@!@!@ENDMSG 2217 @!@!@
@!@!@STARTMSG 2217:4 @!@!@
4: <P1 line 92, col 13 to line 101, col 53 of module benor>
/\ decided = <<-1, -1, -1>>
/\ p1v = <<0, 1, 1>>
/\ p2v = <<-1, -1, -1>>
/\ p2Msg = {[r |-> 1, nodeid |-> 1, value |-> -1]}
/\ p1Msg = {[r |-> 1, nodeid |-> 1, value |-> 0], [r |-> 1, nodeid |-> 2, value |-> 1]}
/\ r = <<1, 1, 1>>
/\ pc = <<"P2", "P1", "S">>

@!@!@ENDMSG 2217 @!@!@
@!@!@STARTMSG 2217:4 @!@!@
5: <S line 84, col 12 to line 90, col 57 of module benor>
/\ decided = <<-1, -1, -1>>
/\ p1v = <<0, 1, 1>>
/\ p2v = <<-1, -1, -1>>
/\ p2Msg = {[r |-> 1, nodeid |-> 1, value |-> -1]}
/\ p1Msg = { [r |-> 1, nodeid |-> 1, value |-> 0],
  [r |-> 1, nodeid |-> 2, value |-> 1],
  [r |-> 1, nodeid |-> 3, value |-> 1] }
/\ r = <<1, 1, 1>>
/\ pc = <<"P2", "P1", "P1">>

@!@!@ENDMSG 2217 @!@!@
@!@!@STARTMSG 2217:4 @!@!@
6: <P1 line 92, col 13 to line 101, col 53 of module benor>
/\ decided = <<-1, -1, -1>>
/\ p1v = <<0, 1, 1>>
/\ p2v = <<-1, 1, -1>>
/\ p2Msg = {[r |-> 1, nodeid |-> 1, value |-> -1], [r |-> 1, nodeid |-> 2, value |-> 1]}
/\ p1Msg = { [r |-> 1, nodeid |-> 1, value |-> 0],
  [r |-> 1, nodeid |-> 2, value |-> 1],
  [r |-> 1, nodeid |-> 3, value |-> 1] }
/\ r = <<1, 1, 1>>
/\ pc = <<"P2", "P2", "P1">>

@!@!@ENDMSG 2217 @!@!@
@!@!@STARTMSG 2217:4 @!@!@
7: <P2 line 103, col 13 to line 119, col 48 of module benor>
/\ decided = <<-1, -1, -1>>
/\ p1v = <<1, 1, 1>>
/\ p2v = <<-1, 1, -1>>
/\ p2Msg = {[r |-> 1, nodeid |-> 1, value |-> -1], [r |-> 1, nodeid |-> 2, value |-> 1]}
/\ p1Msg = { [r |-> 1, nodeid |-> 1, value |-> 0],
  [r |-> 1, nodeid |-> 2, value |-> 1],
  [r |-> 1, nodeid |-> 3, value |-> 1] }
/\ r = <<2, 1, 1>>
/\ pc = <<"S", "P2", "P1">>

@!@!@ENDMSG 2217 @!@!@
@!@!@STARTMSG 2217:4 @!@!@
8: <S line 84, col 12 to line 90, col 57 of module benor>
/\ decided = <<-1, -1, -1>>
/\ p1v = <<1, 1, 1>>
/\ p2v = <<-1, 1, -1>>
/\ p2Msg = {[r |-> 1, nodeid |-> 1, value |-> -1], [r |-> 1, nodeid |-> 2, value |-> 1]}
/\ p1Msg = { [r |-> 1, nodeid |-> 1, value |-> 0],
  [r |-> 1, nodeid |-> 2, value |-> 1],
  [r |-> 1, nodeid |-> 3, value |-> 1],
  [r |-> 2, nodeid |-> 1, value |-> 1] }
/\ r = <<2, 1, 1>>
/\ pc = <<"P1", "P2", "P1">>

@!@!@ENDMSG 2217 @!@!@
@!@!@STARTMSG 2217:4 @!@!@
9: <P1 line 92, col 13 to line 101, col 53 of module benor>
/\ decided = <<-1, -1, -1>>
/\ p1v = <<1, 1, 1>>
/\ p2v = <<-1, 1, 1>>
/\ p2Msg = { [r |-> 1, nodeid |-> 1, value |-> -1],
  [r |-> 1, nodeid |-> 2, value |-> 1],
  [r |-> 1, nodeid |-> 3, value |-> 1] }
/\ p1Msg = { [r |-> 1, nodeid |-> 1, value |-> 0],
  [r |-> 1, nodeid |-> 2, value |-> 1],
  [r |-> 1, nodeid |-> 3, value |-> 1],
  [r |-> 2, nodeid |-> 1, value |-> 1] }
/\ r = <<2, 1, 1>>
/\ pc = <<"P1", "P2", "P2">>

@!@!@ENDMSG 2217 @!@!@
@!@!@STARTMSG 2217:4 @!@!@
10: <P2 line 103, col 13 to line 119, col 48 of module benor>
/\ decided = <<-1, 1, -1>>
/\ p1v = <<1, 1, 1>>
/\ p2v = <<-1, 1, 1>>
/\ p2Msg = { [r |-> 1, nodeid |-> 1, value |-> -1],
  [r |-> 1, nodeid |-> 2, value |-> 1],
  [r |-> 1, nodeid |-> 3, value |-> 1] }
/\ p1Msg = { [r |-> 1, nodeid |-> 1, value |-> 0],
  [r |-> 1, nodeid |-> 2, value |-> 1],
  [r |-> 1, nodeid |-> 3, value |-> 1],
  [r |-> 2, nodeid |-> 1, value |-> 1] }
/\ r = <<2, 2, 1>>
/\ pc = <<"P1", "S", "P2">>

@!@!@ENDMSG 2217 @!@!@
@!@!@STARTMSG 2217:4 @!@!@
11: <S line 84, col 12 to line 90, col 57 of module benor>
/\ decided = <<-1, 1, -1>>
/\ p1v = <<1, 1, 1>>
/\ p2v = <<-1, 1, 1>>
/\ p2Msg = { [r |-> 1, nodeid |-> 1, value |-> -1],
  [r |-> 1, nodeid |-> 2, value |-> 1],
  [r |-> 1, nodeid |-> 3, value |-> 1] }
/\ p1Msg = { [r |-> 1, nodeid |-> 1, value |-> 0],
  [r |-> 1, nodeid |-> 2, value |-> 1],
  [r |-> 1, nodeid |-> 3, value |-> 1],
  [r |-> 2, nodeid |-> 1, value |-> 1] }
/\ r = <<2, 2, 1>>
/\ pc = <<"P1", "Done", "P2">>

@!@!@ENDMSG 2217 @!@!@
@!@!@STARTMSG 2217:4 @!@!@
12: <P2 line 103, col 13 to line 119, col 48 of module benor>
/\ decided = <<-1, 1, 1>>
/\ p1v = <<1, 1, 1>>
/\ p2v = <<-1, 1, 1>>
/\ p2Msg = { [r |-> 1, nodeid |-> 1, value |-> -1],
  [r |-> 1, nodeid |-> 2, value |-> 1],
  [r |-> 1, nodeid |-> 3, value |-> 1] }
/\ p1Msg = { [r |-> 1, nodeid |-> 1, value |-> 0],
  [r |-> 1, nodeid |-> 2, value |-> 1],
  [r |-> 1, nodeid |-> 3, value |-> 1],
  [r |-> 2, nodeid |-> 1, value |-> 1] }
/\ r = <<2, 2, 2>>
/\ pc = <<"P1", "Done", "S">>

@!@!@ENDMSG 2217 @!@!@
@!@!@STARTMSG 2217:4 @!@!@
13: <S line 84, col 12 to line 90, col 57 of module benor>
/\ decided = <<-1, 1, 1>>
/\ p1v = <<1, 1, 1>>
/\ p2v = <<-1, 1, 1>>
/\ p2Msg = { [r |-> 1, nodeid |-> 1, value |-> -1],
  [r |-> 1, nodeid |-> 2, value |-> 1],
  [r |-> 1, nodeid |-> 3, value |-> 1] }
/\ p1Msg = { [r |-> 1, nodeid |-> 1, value |-> 0],
  [r |-> 1, nodeid |-> 2, value |-> 1],
  [r |-> 1, nodeid |-> 3, value |-> 1],
  [r |-> 2, nodeid |-> 1, value |-> 1] }
/\ r = <<2, 2, 2>>
/\ pc = <<"P1", "Done", "Done">>

@!@!@ENDMSG 2217 @!@!@
@!@!@STARTMSG 2201:0 @!@!@
The coverage statistics at 2019-11-22 21:32:26
@!@!@ENDMSG 2201 @!@!@
@!@!@STARTMSG 2773:0 @!@!@
<Init line 74, col 1 to line 74, col 4 of module benor>: 2:2
@!@!@ENDMSG 2773 @!@!@
@!@!@STARTMSG 2221:0 @!@!@
  line 75, col 9 to line 82, col 42 of module benor: 2
@!@!@ENDMSG 2221 @!@!@
@!@!@STARTMSG 2772:0 @!@!@
<S line 84, col 1 to line 84, col 7 of module benor>: 453:940
@!@!@ENDMSG 2772 @!@!@
@!@!@STARTMSG 2221:0 @!@!@
  line 84, col 15 to line 84, col 28 of module benor: 3622
@!@!@ENDMSG 2221 @!@!@
@!@!@STARTMSG 2221:0 @!@!@
  |line 84, col 15 to line 84, col 22 of module benor: 2682
@!@!@ENDMSG 2221 @!@!@
@!@!@STARTMSG 2221:0 @!@!@
  line 85, col 18 to line 85, col 55 of module benor: 940
@!@!@ENDMSG 2221 @!@!@
@!@!@STARTMSG 2221:0 @!@!@
  |line 85, col 18 to line 85, col 33 of module benor: 940
@!@!@ENDMSG 2221 @!@!@
@!@!@STARTMSG 2221:0 @!@!@
  |line 85, col 38 to line 85, col 55 of module benor: 654
@!@!@ENDMSG 2221 @!@!@
@!@!@STARTMSG 2221:0 @!@!@
  line 86, col 23 to line 87, col 57 of module benor: 654
@!@!@ENDMSG 2221 @!@!@
@!@!@STARTMSG 2221:0 @!@!@
  line 88, col 23 to line 89, col 39 of module benor: 286
@!@!@ENDMSG 2221 @!@!@
@!@!@STARTMSG 2221:0 @!@!@
  line 90, col 15 to line 90, col 57 of module benor: 940
@!@!@ENDMSG 2221 @!@!@
@!@!@STARTMSG 2772:0 @!@!@
<P1 line 92, col 1 to line 92, col 8 of module benor>: 292:494
@!@!@ENDMSG 2772 @!@!@
@!@!@STARTMSG 2221:0 @!@!@
  line 92, col 16 to line 92, col 30 of module benor: 3170
@!@!@ENDMSG 2221 @!@!@
@!@!@STARTMSG 2221:0 @!@!@
  |line 92, col 16 to line 92, col 23 of module benor: 2676
@!@!@ENDMSG 2221 @!@!@
@!@!@STARTMSG 2221:0 @!@!@
  line 93, col 17 to line 93, col 72 of module benor: 494
@!@!@ENDMSG 2221 @!@!@
@!@!@STARTMSG 2221:0 @!@!@
  |line 93, col 17 to line 93, col 63 of module benor: 758
@!@!@ENDMSG 2221 @!@!@
@!@!@STARTMSG 2221:0 @!@!@
  ||line 93, col 29 to line 93, col 62 of module benor: 758
@!@!@ENDMSG 2221 @!@!@
@!@!@STARTMSG 2221:0 @!@!@
  |||line 93, col 46 to line 93, col 60 of module benor: 3217
@!@!@ENDMSG 2221 @!@!@
@!@!@STARTMSG 2221:0 @!@!@
  |||line 93, col 39 to line 93, col 43 of module benor: 758
@!@!@ENDMSG 2221 @!@!@
@!@!@STARTMSG 2221:0 @!@!@
  |line 93, col 70 to line 93, col 72 of module benor: 758
@!@!@ENDMSG 2221 @!@!@
@!@!@STARTMSG 2221:0 @!@!@
  line 94, col 19 to line 94, col 91 of module benor: 494
@!@!@ENDMSG 2221 @!@!@
@!@!@STARTMSG 2221:0 @!@!@
  |line 94, col 19 to line 94, col 80 of module benor: 494
@!@!@ENDMSG 2221 @!@!@
@!@!@STARTMSG 2221:0 @!@!@
  ||line 94, col 31 to line 94, col 79 of module benor: 494
@!@!@ENDMSG 2221 @!@!@
@!@!@STARTMSG 2221:0 @!@!@
  |||line 94, col 47 to line 94, col 78 of module benor: 2189
@!@!@ENDMSG 2221 @!@!@
@!@!@STARTMSG 2221:0 @!@!@
  ||||line 94, col 47 to line 94, col 61 of module benor: 2189
@!@!@ENDMSG 2221 @!@!@
@!@!@STARTMSG 2221:0 @!@!@
  ||||line 94, col 66 to line 94, col 78 of module benor: 1204
@!@!@ENDMSG 2221 @!@!@
@!@!@STARTMSG 2221:0 @!@!@
  |||line 94, col 40 to line 94, col 44 of module benor: 494
@!@!@ENDMSG 2221 @!@!@
@!@!@STARTMSG 2221:0 @!@!@
  |line 94, col 84 to line 94, col 91 of module benor: 494
@!@!@ENDMSG 2221 @!@!@
@!@!@STARTMSG 2221:0 @!@!@
  line 95, col 24 to line 95, col 57 of module benor: 33
@!@!@ENDMSG 2221 @!@!@
@!@!@STARTMSG 2221:0 @!@!@
  line 96, col 30 to line 96, col 102 of module benor: 461
@!@!@ENDMSG 2221 @!@!@
@!@!@STARTMSG 2221:0 @!@!@
  |line 96, col 30 to line 96, col 91 of module benor: 461
@!@!@ENDMSG 2221 @!@!@
@!@!@STARTMSG 2221:0 @!@!@
  ||line 96, col 42 to line 96, col 90 of module benor: 461
@!@!@ENDMSG 2221 @!@!@
@!@!@STARTMSG 2221:0 @!@!@
  |||line 96, col 58 to line 96, col 89 of module benor: 2029
@!@!@ENDMSG 2221 @!@!@
@!@!@STARTMSG 2221:0 @!@!@
  ||||line 96, col 58 to line 96, col 72 of module benor: 2029
@!@!@ENDMSG 2221 @!@!@
@!@!@STARTMSG 2221:0 @!@!@
  ||||line 96, col 77 to line 96, col 89 of module benor: 1135
@!@!@ENDMSG 2221 @!@!@
@!@!@STARTMSG 2221:0 @!@!@
  |||line 96, col 51 to line 96, col 55 of module benor: 461
@!@!@ENDMSG 2221 @!@!@
@!@!@STARTMSG 2221:0 @!@!@
  |line 96, col 95 to line 96, col 102 of module benor: 461
@!@!@ENDMSG 2221 @!@!@
@!@!@STARTMSG 2221:0 @!@!@
  line 97, col 35 to line 97, col 68 of module benor: 351
@!@!@ENDMSG 2221 @!@!@
@!@!@STARTMSG 2221:0 @!@!@
  line 98, col 35 to line 98, col 69 of module benor: 110
@!@!@ENDMSG 2221 @!@!@
@!@!@STARTMSG 2221:0 @!@!@
  line 99, col 16 to line 99, col 95 of module benor: 494
@!@!@ENDMSG 2221 @!@!@
@!@!@STARTMSG 2221:0 @!@!@
  line 100, col 16 to line 100, col 47 of module benor: 494
@!@!@ENDMSG 2221 @!@!@
@!@!@STARTMSG 2221:0 @!@!@
  line 101, col 16 to line 101, col 53 of module benor: 494
@!@!@ENDMSG 2221 @!@!@
@!@!@STARTMSG 2772:0 @!@!@
<P2 line 103, col 1 to line 103, col 8 of module benor>: 359:715
@!@!@ENDMSG 2772 @!@!@
@!@!@STARTMSG 2221:0 @!@!@
  line 103, col 16 to line 103, col 30 of module benor: 3292
@!@!@ENDMSG 2221 @!@!@
@!@!@STARTMSG 2221:0 @!@!@
  |line 103, col 16 to line 103, col 23 of module benor: 2673
@!@!@ENDMSG 2221 @!@!@
@!@!@STARTMSG 2221:0 @!@!@
  line 104, col 17 to line 104, col 72 of module benor: 619
@!@!@ENDMSG 2221 @!@!@
@!@!@STARTMSG 2221:0 @!@!@
  |line 104, col 17 to line 104, col 63 of module benor: 747
@!@!@ENDMSG 2221 @!@!@
@!@!@STARTMSG 2221:0 @!@!@
  ||line 104, col 29 to line 104, col 62 of module benor: 747
@!@!@ENDMSG 2221 @!@!@
@!@!@STARTMSG 2221:0 @!@!@
  |||line 104, col 46 to line 104, col 60 of module benor: 2373
@!@!@ENDMSG 2221 @!@!@
@!@!@STARTMSG 2221:0 @!@!@
  |||line 104, col 39 to line 104, col 43 of module benor: 747
@!@!@ENDMSG 2221 @!@!@
@!@!@STARTMSG 2221:0 @!@!@
  |line 104, col 70 to line 104, col 72 of module benor: 747
@!@!@ENDMSG 2221 @!@!@
@!@!@STARTMSG 2221:0 @!@!@
  line 105, col 19 to line 105, col 84 of module benor: 619
@!@!@ENDMSG 2221 @!@!@
@!@!@STARTMSG 2221:0 @!@!@
  |line 105, col 19 to line 105, col 80 of module benor: 619
@!@!@ENDMSG 2221 @!@!@
@!@!@STARTMSG 2221:0 @!@!@
  ||line 105, col 31 to line 105, col 79 of module benor: 619
@!@!@ENDMSG 2221 @!@!@
@!@!@STARTMSG 2221:0 @!@!@
  |||line 105, col 47 to line 105, col 78 of module benor: 1947
@!@!@ENDMSG 2221 @!@!@
@!@!@STARTMSG 2221:0 @!@!@
  ||||line 105, col 47 to line 105, col 61 of module benor: 1947
@!@!@ENDMSG 2221 @!@!@
@!@!@STARTMSG 2221:0 @!@!@
  ||||line 105, col 66 to line 105, col 78 of module benor: 1643
@!@!@ENDMSG 2221 @!@!@
@!@!@STARTMSG 2221:0 @!@!@
  |||line 105, col 40 to line 105, col 44 of module benor: 619
@!@!@ENDMSG 2221 @!@!@
@!@!@STARTMSG 2221:0 @!@!@
  |line 105, col 84 to line 105, col 84 of module benor: 619
@!@!@ENDMSG 2221 @!@!@
@!@!@STARTMSG 2221:0 @!@!@
  line 106, col 24 to line 106, col 65 of module benor: 18
@!@!@ENDMSG 2221 @!@!@
@!@!@STARTMSG 2221:0 @!@!@
  line 107, col 30 to line 107, col 95 of module benor: 601
@!@!@ENDMSG 2221 @!@!@
@!@!@STARTMSG 2221:0 @!@!@
  |line 107, col 30 to line 107, col 91 of module benor: 601
@!@!@ENDMSG 2221 @!@!@
@!@!@STARTMSG 2221:0 @!@!@
  ||line 107, col 42 to line 107, col 90 of module benor: 601
@!@!@ENDMSG 2221 @!@!@
@!@!@STARTMSG 2221:0 @!@!@
  |||line 107, col 58 to line 107, col 89 of module benor: 1873
@!@!@ENDMSG 2221 @!@!@
@!@!@STARTMSG 2221:0 @!@!@
  ||||line 107, col 58 to line 107, col 72 of module benor: 1873
@!@!@ENDMSG 2221 @!@!@
@!@!@STARTMSG 2221:0 @!@!@
  ||||line 107, col 77 to line 107, col 89 of module benor: 1607
@!@!@ENDMSG 2221 @!@!@
@!@!@STARTMSG 2221:0 @!@!@
  |||line 107, col 51 to line 107, col 55 of module benor: 601
@!@!@ENDMSG 2221 @!@!@
@!@!@STARTMSG 2221:0 @!@!@
  |line 107, col 95 to line 107, col 95 of module benor: 601
@!@!@ENDMSG 2221 @!@!@
@!@!@STARTMSG 2221:0 @!@!@
  line 108, col 35 to line 108, col 76 of module benor: 317
@!@!@ENDMSG 2221 @!@!@
@!@!@STARTMSG 2221:0 @!@!@
  line 109, col 38 to line 109, col 41 of module benor: 284
@!@!@ENDMSG 2221 @!@!@
@!@!@STARTMSG 2221:0 @!@!@
  line 110, col 38 to line 110, col 54 of module benor: 284
@!@!@ENDMSG 2221 @!@!@
@!@!@STARTMSG 2221:0 @!@!@
  line 111, col 19 to line 111, col 84 of module benor: 619
@!@!@ENDMSG 2221 @!@!@
@!@!@STARTMSG 2221:0 @!@!@
  |line 111, col 19 to line 111, col 80 of module benor: 619
@!@!@ENDMSG 2221 @!@!@
@!@!@STARTMSG 2221:0 @!@!@
  ||line 111, col 31 to line 111, col 79 of module benor: 619
@!@!@ENDMSG 2221 @!@!@
@!@!@STARTMSG 2221:0 @!@!@
  |||line 111, col 47 to line 111, col 78 of module benor: 1947
@!@!@ENDMSG 2221 @!@!@
@!@!@STARTMSG 2221:0 @!@!@
  ||||line 111, col 47 to line 111, col 61 of module benor: 1947
@!@!@ENDMSG 2221 @!@!@
@!@!@STARTMSG 2221:0 @!@!@
  ||||line 111, col 66 to line 111, col 78 of module benor: 1643
@!@!@ENDMSG 2221 @!@!@
@!@!@STARTMSG 2221:0 @!@!@
  |||line 111, col 40 to line 111, col 44 of module benor: 619
@!@!@ENDMSG 2221 @!@!@
@!@!@STARTMSG 2221:0 @!@!@
  line 112, col 24 to line 112, col 57 of module benor: 18
@!@!@ENDMSG 2221 @!@!@
@!@!@STARTMSG 2221:0 @!@!@
  line 113, col 30 to line 113, col 95 of module benor: 601
@!@!@ENDMSG 2221 @!@!@
@!@!@STARTMSG 2221:0 @!@!@
  |line 113, col 30 to line 113, col 91 of module benor: 601
@!@!@ENDMSG 2221 @!@!@
@!@!@STARTMSG 2221:0 @!@!@
  ||line 113, col 42 to line 113, col 90 of module benor: 601
@!@!@ENDMSG 2221 @!@!@
@!@!@STARTMSG 2221:0 @!@!@
  |||line 113, col 58 to line 113, col 89 of module benor: 1873
@!@!@ENDMSG 2221 @!@!@
@!@!@STARTMSG 2221:0 @!@!@
  ||||line 113, col 58 to line 113, col 72 of module benor: 1873
@!@!@ENDMSG 2221 @!@!@
@!@!@STARTMSG 2221:0 @!@!@
  ||||line 113, col 77 to line 113, col 89 of module benor: 1607
@!@!@ENDMSG 2221 @!@!@
@!@!@STARTMSG 2221:0 @!@!@
  |||line 113, col 51 to line 113, col 55 of module benor: 601
@!@!@ENDMSG 2221 @!@!@
@!@!@STARTMSG 2221:0 @!@!@
  line 114, col 35 to line 114, col 68 of module benor: 505
@!@!@ENDMSG 2221 @!@!@
@!@!@STARTMSG 2221:0 @!@!@
  line 116, col 40 to line 116, col 70 of module benor: 192
@!@!@ENDMSG 2221 @!@!@
@!@!@STARTMSG 2775:0 @!@!@
  line 115, col 47 to line 115, col 51 of module benor: 96:288
@!@!@ENDMSG 2775 @!@!@
@!@!@STARTMSG 2221:0 @!@!@
  line 117, col 16 to line 117, col 51 of module benor: 715
@!@!@ENDMSG 2221 @!@!@
@!@!@STARTMSG 2221:0 @!@!@
  line 118, col 16 to line 118, col 46 of module benor: 715
@!@!@ENDMSG 2221 @!@!@
@!@!@STARTMSG 2221:0 @!@!@
  line 119, col 16 to line 119, col 48 of module benor: 715
@!@!@ENDMSG 2221 @!@!@
@!@!@STARTMSG 2772:0 @!@!@
<Terminating line 124, col 1 to line 124, col 11 of module benor>: 0:0
@!@!@ENDMSG 2772 @!@!@
@!@!@STARTMSG 2221:0 @!@!@
  line 124, col 40 to line 124, col 56 of module benor: 974
@!@!@ENDMSG 2221 @!@!@
@!@!@STARTMSG 2221:0 @!@!@
  line 124, col 31 to line 124, col 37 of module benor: 886
@!@!@ENDMSG 2221 @!@!@
@!@!@STARTMSG 2221:0 @!@!@
  line 125, col 19 to line 125, col 32 of module benor: 0
@!@!@ENDMSG 2221 @!@!@
@!@!@STARTMSG 2774:0 @!@!@
<Agreement line 137, col 1 to line 137, col 9 of module benor>
@!@!@ENDMSG 2774 @!@!@
@!@!@STARTMSG 2221:0 @!@!@
  line 137, col 15 to line 137, col 91 of module benor: 1105
@!@!@ENDMSG 2221 @!@!@
@!@!@STARTMSG 2221:0 @!@!@
  |line 137, col 33 to line 137, col 91 of module benor: 9945
@!@!@ENDMSG 2221 @!@!@
@!@!@STARTMSG 2221:0 @!@!@
  ||line 137, col 33 to line 137, col 66 of module benor: 9945
@!@!@ENDMSG 2221 @!@!@
@!@!@STARTMSG 2221:0 @!@!@
  |||line 137, col 33 to line 137, col 47 of module benor: 9945
@!@!@ENDMSG 2221 @!@!@
@!@!@STARTMSG 2221:0 @!@!@
  |||line 137, col 52 to line 137, col 66 of module benor: 1851
@!@!@ENDMSG 2221 @!@!@
@!@!@STARTMSG 2221:0 @!@!@
  ||line 137, col 71 to line 137, col 91 of module benor: 1103
@!@!@ENDMSG 2221 @!@!@
@!@!@STARTMSG 2221:0 @!@!@
  |line 137, col 26 to line 137, col 30 of module benor: 1105
@!@!@ENDMSG 2221 @!@!@
@!@!@STARTMSG 2202:0 @!@!@
End of statistics.
@!@!@ENDMSG 2202 @!@!@
@!@!@STARTMSG 2200:0 @!@!@
Progress(14) at 2019-11-22 21:32:26: 2,136 states generated (23,382 s/min), 1,105 distinct states found (12,096 ds/min), 219 states left on queue.
@!@!@ENDMSG 2200 @!@!@
@!@!@STARTMSG 2199:0 @!@!@
2136 states generated, 1105 distinct states found, 219 states left on queue.
@!@!@ENDMSG 2199 @!@!@
@!@!@STARTMSG 2194:0 @!@!@
The depth of the complete state graph search is 14.
@!@!@ENDMSG 2194 @!@!@
@!@!@STARTMSG 2268:0 @!@!@
The average outdegree of the complete state graph is 1 (minimum is 0, the maximum 5 and the 95th percentile is 3).
@!@!@ENDMSG 2268 @!@!@
@!@!@STARTMSG 2186:0 @!@!@
Finished in 5494ms at (2019-11-22 21:32:26)
@!@!@ENDMSG 2186 @!@!@
